Started GET "/subjects" for 127.0.0.1 at 2017-06-12 21:19:51 -0400
  [1m[35m (0.4ms)[0m  [1m[35mSET NAMES utf8,  @@SESSION.sql_mode = CONCAT(CONCAT(@@sql_mode, ',STRICT_ALL_TABLES'), ',NO_AUTO_VALUE_ON_ZERO'),  @@SESSION.sql_auto_is_null = 0, @@SESSION.wait_timeout = 2147483[0m
  [1m[35m (0.4ms)[0m  [1m[34mSELECT `schema_migrations`.`version` FROM `schema_migrations` ORDER BY `schema_migrations`.`version` ASC[0m
Processing by SubjectsController#index as HTML
  Rendering subjects/index.html.erb within layouts/admin
  [1m[36mSubject Load (24.3ms)[0m  [1m[34mSELECT `subjects`.* FROM `subjects` ORDER BY position ASC[0m
  [1m[35m (23.4ms)[0m  [1m[34mSELECT COUNT(*) FROM `pages` WHERE `pages`.`subject_id` = 9[0m
  [1m[35m (0.5ms)[0m  [1m[34mSELECT COUNT(*) FROM `pages` WHERE `pages`.`subject_id` = 1[0m
  [1m[35m (0.4ms)[0m  [1m[34mSELECT COUNT(*) FROM `pages` WHERE `pages`.`subject_id` = 2[0m
  [1m[35m (1.1ms)[0m  [1m[34mSELECT COUNT(*) FROM `pages` WHERE `pages`.`subject_id` = 4[0m
  [1m[35m (0.4ms)[0m  [1m[34mSELECT COUNT(*) FROM `pages` WHERE `pages`.`subject_id` = 13[0m
  [1m[35m (0.5ms)[0m  [1m[34mSELECT COUNT(*) FROM `pages` WHERE `pages`.`subject_id` = 14[0m
  Rendered subjects/index.html.erb within layouts/admin (285.1ms)
Completed 200 OK in 328ms (Views: 248.9ms | ActiveRecord: 54.5ms)


Started GET "/subjects/1" for 127.0.0.1 at 2017-06-12 21:19:55 -0400
Processing by SubjectsController#show as HTML
  Parameters: {"id"=>"1"}
  [1m[35m (0.6ms)[0m  [1m[35mSET NAMES utf8,  @@SESSION.sql_mode = CONCAT(CONCAT(@@sql_mode, ',STRICT_ALL_TABLES'), ',NO_AUTO_VALUE_ON_ZERO'),  @@SESSION.sql_auto_is_null = 0, @@SESSION.wait_timeout = 2147483[0m
  [1m[36mSubject Load (13.3ms)[0m  [1m[34mSELECT  `subjects`.* FROM `subjects` WHERE `subjects`.`id` = 1 LIMIT 1[0m
  Rendering subjects/show.html.erb within layouts/admin
  Rendered subjects/show.html.erb within layouts/admin (2.1ms)
Completed 200 OK in 57ms (Views: 29.5ms | ActiveRecord: 13.8ms)


Started GET "/subjects" for 127.0.0.1 at 2017-06-12 21:19:57 -0400
Processing by SubjectsController#index as HTML
  Rendering subjects/index.html.erb within layouts/admin
  [1m[36mSubject Load (0.5ms)[0m  [1m[34mSELECT `subjects`.* FROM `subjects` ORDER BY position ASC[0m
  [1m[35m (0.7ms)[0m  [1m[34mSELECT COUNT(*) FROM `pages` WHERE `pages`.`subject_id` = 9[0m
  [1m[35m (0.5ms)[0m  [1m[34mSELECT COUNT(*) FROM `pages` WHERE `pages`.`subject_id` = 1[0m
  [1m[35m (2.9ms)[0m  [1m[34mSELECT COUNT(*) FROM `pages` WHERE `pages`.`subject_id` = 2[0m
  [1m[35m (1.2ms)[0m  [1m[34mSELECT COUNT(*) FROM `pages` WHERE `pages`.`subject_id` = 4[0m
  [1m[35m (0.7ms)[0m  [1m[34mSELECT COUNT(*) FROM `pages` WHERE `pages`.`subject_id` = 13[0m
  [1m[35m (0.6ms)[0m  [1m[34mSELECT COUNT(*) FROM `pages` WHERE `pages`.`subject_id` = 14[0m
  Rendered subjects/index.html.erb within layouts/admin (40.8ms)
Completed 200 OK in 55ms (Views: 45.2ms | ActiveRecord: 7.2ms)


Started GET "/subjects/1/edit" for 127.0.0.1 at 2017-06-12 21:19:58 -0400
Processing by SubjectsController#edit as HTML
  Parameters: {"id"=>"1"}
  [1m[36mSubject Load (0.5ms)[0m  [1m[34mSELECT  `subjects`.* FROM `subjects` WHERE `subjects`.`id` = 1 LIMIT 1[0m
  [1m[35m (0.8ms)[0m  [1m[34mSELECT COUNT(*) FROM `subjects`[0m
  Rendering subjects/edit.html.erb within layouts/admin
  Rendered application/_error_messages.html.erb (0.5ms) [cache miss]
  Rendered subjects/_form.html.erb (35.9ms) [cache miss]
  Rendered subjects/edit.html.erb within layouts/admin (42.6ms)
Completed 200 OK in 65ms (Views: 59.3ms | ActiveRecord: 1.3ms)


Started GET "/subjects" for 127.0.0.1 at 2017-06-12 21:20:00 -0400
Processing by SubjectsController#index as HTML
  Rendering subjects/index.html.erb within layouts/admin
  [1m[36mSubject Load (1.1ms)[0m  [1m[34mSELECT `subjects`.* FROM `subjects` ORDER BY position ASC[0m
  [1m[35m (0.9ms)[0m  [1m[34mSELECT COUNT(*) FROM `pages` WHERE `pages`.`subject_id` = 9[0m
  [1m[35m (0.4ms)[0m  [1m[34mSELECT COUNT(*) FROM `pages` WHERE `pages`.`subject_id` = 1[0m
  [1m[35m (0.7ms)[0m  [1m[34mSELECT COUNT(*) FROM `pages` WHERE `pages`.`subject_id` = 2[0m
  [1m[35m (0.9ms)[0m  [1m[34mSELECT COUNT(*) FROM `pages` WHERE `pages`.`subject_id` = 4[0m
  [1m[35m (0.9ms)[0m  [1m[34mSELECT COUNT(*) FROM `pages` WHERE `pages`.`subject_id` = 13[0m
  [1m[35m (1.2ms)[0m  [1m[34mSELECT COUNT(*) FROM `pages` WHERE `pages`.`subject_id` = 14[0m
  Rendered subjects/index.html.erb within layouts/admin (42.9ms)
Completed 200 OK in 63ms (Views: 54.2ms | ActiveRecord: 5.9ms)


Started GET "/subjects" for 127.0.0.1 at 2017-06-12 21:21:38 -0400
Processing by SubjectsController#index as HTML
***Testing the logger.***
  Rendering subjects/index.html.erb within layouts/admin
  [1m[36mSubject Load (0.5ms)[0m  [1m[34mSELECT `subjects`.* FROM `subjects` ORDER BY position ASC[0m
  [1m[35m (0.3ms)[0m  [1m[34mSELECT COUNT(*) FROM `pages` WHERE `pages`.`subject_id` = 9[0m
  [1m[35m (0.3ms)[0m  [1m[34mSELECT COUNT(*) FROM `pages` WHERE `pages`.`subject_id` = 1[0m
  [1m[35m (0.3ms)[0m  [1m[34mSELECT COUNT(*) FROM `pages` WHERE `pages`.`subject_id` = 2[0m
  [1m[35m (0.3ms)[0m  [1m[34mSELECT COUNT(*) FROM `pages` WHERE `pages`.`subject_id` = 4[0m
  [1m[35m (0.3ms)[0m  [1m[34mSELECT COUNT(*) FROM `pages` WHERE `pages`.`subject_id` = 13[0m
  [1m[35m (0.3ms)[0m  [1m[34mSELECT COUNT(*) FROM `pages` WHERE `pages`.`subject_id` = 14[0m
  Rendered subjects/index.html.erb within layouts/admin (45.6ms)
Completed 200 OK in 67ms (Views: 51.9ms | ActiveRecord: 4.8ms)


  [1m[35m (27.8ms)[0m  [1m[35mSET NAMES utf8,  @@SESSION.sql_mode = CONCAT(CONCAT(@@sql_mode, ',STRICT_ALL_TABLES'), ',NO_AUTO_VALUE_ON_ZERO'),  @@SESSION.sql_auto_is_null = 0, @@SESSION.wait_timeout = 2147483[0m
  [1m[35m (18.3ms)[0m  [1m[34mSELECT DATABASE() as db[0m
  [1m[35m (5.7ms)[0m  [1m[34mSELECT GET_LOCK(8363530219080587145, 0)[0m
  [1m[35m (0.9ms)[0m  [1m[34mSELECT `schema_migrations`.`version` FROM `schema_migrations` ORDER BY `schema_migrations`.`version` ASC[0m
Migrating to AddPasswordDigestToAdminUsers (20170613150613)
  [1m[35m (153.4ms)[0m  [1m[35mALTER TABLE `admin_users` DROP `hashed_password`[0m
  [1m[35m (114.8ms)[0m  [1m[35mALTER TABLE `admin_users` ADD `password_digest` varchar(255)[0m
  [1m[35m (0.2ms)[0m  [1m[35mBEGIN[0m
  [1m[35mSQL (1.4ms)[0m  [1m[32mINSERT INTO `schema_migrations` (`version`) VALUES ('20170613150613')[0m
  [1m[35m (2.9ms)[0m  [1m[35mCOMMIT[0m
  [1m[36mActiveRecord::InternalMetadata Load (1.5ms)[0m  [1m[34mSELECT  `ar_internal_metadata`.* FROM `ar_internal_metadata` WHERE `ar_internal_metadata`.`key` = 'environment' LIMIT 1[0m
  [1m[35m (1.0ms)[0m  [1m[35mBEGIN[0m
  [1m[35m (0.2ms)[0m  [1m[35mCOMMIT[0m
  [1m[35m (0.2ms)[0m  [1m[34mSELECT RELEASE_LOCK(8363530219080587145)[0m
  [1m[35m (0.5ms)[0m  [1m[34mSELECT `schema_migrations`.`version` FROM `schema_migrations` ORDER BY `schema_migrations`.`version` ASC[0m
  [1m[35m (0.6ms)[0m  [1m[35mSHOW CREATE TABLE `admin_users`[0m
  [1m[35m (1.9ms)[0m  [1m[35mSHOW TABLE STATUS LIKE 'admin_users'[0m
  [1m[35m (0.3ms)[0m  [1m[35mSHOW CREATE TABLE `admin_users_pages`[0m
  [1m[35m (1.0ms)[0m  [1m[35mSHOW CREATE TABLE `pages`[0m
  [1m[35m (1.0ms)[0m  [1m[35mSHOW TABLE STATUS LIKE 'pages'[0m
  [1m[35m (6.3ms)[0m  [1m[35mSHOW CREATE TABLE `section_edits`[0m
  [1m[35m (1.8ms)[0m  [1m[35mSHOW TABLE STATUS LIKE 'section_edits'[0m
  [1m[35m (1.7ms)[0m  [1m[35mSHOW CREATE TABLE `sections`[0m
  [1m[35m (0.9ms)[0m  [1m[35mSHOW TABLE STATUS LIKE 'sections'[0m
  [1m[35m (1.0ms)[0m  [1m[35mSHOW CREATE TABLE `subjects`[0m
  [1m[35m (2.2ms)[0m  [1m[35mSHOW TABLE STATUS LIKE 'subjects'[0m
  [1m[35m (0.9ms)[0m  [1m[35mSHOW CREATE TABLE `users`[0m
  [1m[35m (0.9ms)[0m  [1m[35mSHOW TABLE STATUS LIKE 'users'[0m
  [1m[35m (0.4ms)[0m  [1m[35mSET NAMES utf8,  @@SESSION.sql_mode = CONCAT(CONCAT(@@sql_mode, ',STRICT_ALL_TABLES'), ',NO_AUTO_VALUE_ON_ZERO'),  @@SESSION.sql_auto_is_null = 0, @@SESSION.wait_timeout = 2147483[0m
  [1m[36mAdminUser Load (0.3ms)[0m  [1m[34mSELECT  `admin_users`.* FROM `admin_users` ORDER BY `admin_users`.`id` ASC LIMIT 1[0m
  [1m[35m (0.4ms)[0m  [1m[35mSET NAMES utf8,  @@SESSION.sql_mode = CONCAT(CONCAT(@@sql_mode, ',STRICT_ALL_TABLES'), ',NO_AUTO_VALUE_ON_ZERO'),  @@SESSION.sql_auto_is_null = 0, @@SESSION.wait_timeout = 2147483[0m
  [1m[36mAdminUser Load (0.3ms)[0m  [1m[34mSELECT  `admin_users`.* FROM `admin_users` ORDER BY `admin_users`.`id` ASC LIMIT 1[0m
  [1m[35m (0.3ms)[0m  [1m[35mBEGIN[0m
  [1m[36mAdminUser Exists (12.0ms)[0m  [1m[34mSELECT  1 AS one FROM `admin_users` WHERE `admin_users`.`username` = BINARY 'gkip' AND (`admin_users`.`id` != 1) LIMIT 1[0m
  [1m[35m (0.3ms)[0m  [1m[31mROLLBACK[0m
  [1m[35m (0.3ms)[0m  [1m[35mBEGIN[0m
  [1m[36mAdminUser Exists (0.5ms)[0m  [1m[34mSELECT  1 AS one FROM `admin_users` WHERE `admin_users`.`username` = BINARY 'geoff3kip1991' AND (`admin_users`.`id` != 1) LIMIT 1[0m
  [1m[35mSQL (2.1ms)[0m  [1m[33mUPDATE `admin_users` SET `email` = 'somewhere@somewhere.com', `username` = 'geoff3kip1991', `updated_at` = '2017-06-13 15:18:22', `password_digest` = '$2a$10$x49/0R/WGJuylygaOubZbOAqF2Lbdt9jSoLoGcBrHRu/Vk0nJ7Wxu' WHERE `admin_users`.`id` = 1[0m
  [1m[35m (1.8ms)[0m  [1m[35mCOMMIT[0m
  [1m[36mAdminUser Load (0.5ms)[0m  [1m[34mSELECT  `admin_users`.* FROM `admin_users` ORDER BY `admin_users`.`id` ASC LIMIT 1[0m
Started GET "/" for 127.0.0.1 at 2017-06-13 11:32:50 -0400
  [1m[35m (0.4ms)[0m  [1m[35mSET NAMES utf8,  @@SESSION.sql_mode = CONCAT(CONCAT(@@sql_mode, ',STRICT_ALL_TABLES'), ',NO_AUTO_VALUE_ON_ZERO'),  @@SESSION.sql_auto_is_null = 0, @@SESSION.wait_timeout = 2147483[0m
  [1m[35m (0.3ms)[0m  [1m[34mSELECT `schema_migrations`.`version` FROM `schema_migrations` ORDER BY `schema_migrations`.`version` ASC[0m
Processing by DemoController#index as HTML
  Rendering demo/index.html.erb within layouts/application
  Rendered demo/index.html.erb within layouts/application (3.7ms)
Completed 200 OK in 496ms (Views: 489.7ms | ActiveRecord: 0.0ms)


Started GET "/admin" for 127.0.0.1 at 2017-06-13 11:32:56 -0400
Processing by AccessController#menu as HTML
  Rendering access/menu.html.erb within layouts/admin
  Rendered access/menu.html.erb within layouts/admin (0.9ms)
Completed 200 OK in 21ms (Views: 18.1ms | ActiveRecord: 0.0ms)


Started GET "/login" for 127.0.0.1 at 2017-06-13 11:33:01 -0400
  
ActionController::RoutingError (No route matches [GET] "/login"):
  
actionpack (5.1.1) lib/action_dispatch/middleware/debug_exceptions.rb:63:in `call'
web-console (3.5.1) lib/web_console/middleware.rb:135:in `call_app'
web-console (3.5.1) lib/web_console/middleware.rb:28:in `block in call'
web-console (3.5.1) lib/web_console/middleware.rb:18:in `catch'
web-console (3.5.1) lib/web_console/middleware.rb:18:in `call'
actionpack (5.1.1) lib/action_dispatch/middleware/show_exceptions.rb:31:in `call'
railties (5.1.1) lib/rails/rack/logger.rb:36:in `call_app'
railties (5.1.1) lib/rails/rack/logger.rb:24:in `block in call'
activesupport (5.1.1) lib/active_support/tagged_logging.rb:69:in `block in tagged'
activesupport (5.1.1) lib/active_support/tagged_logging.rb:26:in `tagged'
activesupport (5.1.1) lib/active_support/tagged_logging.rb:69:in `tagged'
railties (5.1.1) lib/rails/rack/logger.rb:24:in `call'
sprockets-rails (3.2.0) lib/sprockets/rails/quiet_assets.rb:13:in `call'
actionpack (5.1.1) lib/action_dispatch/middleware/remote_ip.rb:79:in `call'
actionpack (5.1.1) lib/action_dispatch/middleware/request_id.rb:25:in `call'
rack (2.0.3) lib/rack/method_override.rb:22:in `call'
rack (2.0.3) lib/rack/runtime.rb:22:in `call'
activesupport (5.1.1) lib/active_support/cache/strategy/local_cache_middleware.rb:27:in `call'
actionpack (5.1.1) lib/action_dispatch/middleware/executor.rb:12:in `call'
actionpack (5.1.1) lib/action_dispatch/middleware/static.rb:125:in `call'
rack (2.0.3) lib/rack/sendfile.rb:111:in `call'
railties (5.1.1) lib/rails/engine.rb:522:in `call'
puma (3.8.2) lib/puma/configuration.rb:224:in `call'
puma (3.8.2) lib/puma/server.rb:600:in `handle_request'
puma (3.8.2) lib/puma/server.rb:435:in `process_client'
puma (3.8.2) lib/puma/server.rb:299:in `block in run'
puma (3.8.2) lib/puma/thread_pool.rb:120:in `block in spawn_thread'
Started GET "/access/login" for 127.0.0.1 at 2017-06-13 11:34:19 -0400
Processing by AccessController#login as HTML
  Rendering access/login.html.erb within layouts/admin
  Rendered access/login.html.erb within layouts/admin (3.3ms)
Completed 200 OK in 27ms (Views: 25.2ms | ActiveRecord: 0.0ms)


  [1m[35m (0.4ms)[0m  [1m[35mSET NAMES utf8,  @@SESSION.sql_mode = CONCAT(CONCAT(@@sql_mode, ',STRICT_ALL_TABLES'), ',NO_AUTO_VALUE_ON_ZERO'),  @@SESSION.sql_auto_is_null = 0, @@SESSION.wait_timeout = 2147483[0m
  [1m[36mAdminUser Load (0.3ms)[0m  [1m[34mSELECT  `admin_users`.* FROM `admin_users` ORDER BY `admin_users`.`id` ASC LIMIT 1[0m
  [1m[35m (0.3ms)[0m  [1m[35mBEGIN[0m
  [1m[36mAdminUser Exists (0.4ms)[0m  [1m[34mSELECT  1 AS one FROM `admin_users` WHERE `admin_users`.`username` = BINARY 'geoff3kip1991' AND (`admin_users`.`id` != 1) LIMIT 1[0m
  [1m[35mSQL (0.4ms)[0m  [1m[33mUPDATE `admin_users` SET `updated_at` = '2017-06-13 15:44:12', `password_digest` = '$2a$10$8dzGpBedw/hP3gTF6A6XNOb/3.DcRClrlJgckO8ufJKdo/Imk4EbG' WHERE `admin_users`.`id` = 1[0m
  [1m[35m (6.3ms)[0m  [1m[35mCOMMIT[0m
Started POST "/access/attempt_login" for 127.0.0.1 at 2017-06-13 11:45:30 -0400
  [1m[35m (1.1ms)[0m  [1m[35mSET NAMES utf8,  @@SESSION.sql_mode = CONCAT(CONCAT(@@sql_mode, ',STRICT_ALL_TABLES'), ',NO_AUTO_VALUE_ON_ZERO'),  @@SESSION.sql_auto_is_null = 0, @@SESSION.wait_timeout = 2147483[0m
  [1m[35m (0.3ms)[0m  [1m[34mSELECT `schema_migrations`.`version` FROM `schema_migrations` ORDER BY `schema_migrations`.`version` ASC[0m
Processing by AccessController#attempt_login as HTML
  Parameters: {"utf8"=>"✓", "authenticity_token"=>"+0SGUBmCPe8Ir7UjepKf4oq9rQuh5XR47wOHkn73UGt3yFPjjPOps7Sb3NOJOKnrh0bi0J+wdR6GRDxwzNN7Eg==", "username"=>"geoff3kip1991", "password"=>"[FILTERED]", "commit"=>"Log In"}
  [1m[36mAdminUser Load (1.2ms)[0m  [1m[34mSELECT  `admin_users`.* FROM `admin_users` WHERE `admin_users`.`username` = 'geoff3kip1991' ORDER BY `admin_users`.`id` ASC LIMIT 1[0m
Redirected to http://localhost:3000/admin
Completed 302 Found in 103ms (ActiveRecord: 2.4ms)


Started GET "/admin" for 127.0.0.1 at 2017-06-13 11:45:31 -0400
Processing by AccessController#menu as HTML
  Rendering access/menu.html.erb within layouts/admin
  Rendered access/menu.html.erb within layouts/admin (2.0ms)
Completed 200 OK in 188ms (Views: 185.4ms | ActiveRecord: 0.0ms)


Started GET "/access/logout" for 127.0.0.1 at 2017-06-13 11:45:47 -0400
Processing by AccessController#logout as HTML
Redirected to http://localhost:3000/access/login
Completed 302 Found in 1ms (ActiveRecord: 0.0ms)


Started GET "/access/login" for 127.0.0.1 at 2017-06-13 11:45:47 -0400
Processing by AccessController#login as HTML
  Rendering access/login.html.erb within layouts/admin
  Rendered access/login.html.erb within layouts/admin (1.5ms)
Completed 200 OK in 15ms (Views: 12.4ms | ActiveRecord: 0.0ms)


Started GET "/access/login" for 127.0.0.1 at 2017-06-13 12:00:26 -0400
  [1m[35m (0.4ms)[0m  [1m[35mSET NAMES utf8,  @@SESSION.sql_mode = CONCAT(CONCAT(@@sql_mode, ',STRICT_ALL_TABLES'), ',NO_AUTO_VALUE_ON_ZERO'),  @@SESSION.sql_auto_is_null = 0, @@SESSION.wait_timeout = 2147483[0m
  [1m[35m (0.2ms)[0m  [1m[34mSELECT `schema_migrations`.`version` FROM `schema_migrations` ORDER BY `schema_migrations`.`version` ASC[0m
Processing by AccessController#login as HTML
  Rendering access/login.html.erb within layouts/admin
  Rendered access/login.html.erb within layouts/admin (3.5ms)
Completed 200 OK in 188ms (Views: 179.3ms | ActiveRecord: 0.0ms)


Started POST "/access/attempt_login" for 127.0.0.1 at 2017-06-13 12:00:34 -0400
Processing by AccessController#attempt_login as HTML
  Parameters: {"utf8"=>"✓", "authenticity_token"=>"930edUCM7aL3pFFtjHjxvkAIHcfVZxetR9/VgAlQyil78cvG1f15/kuQOJ1/0se3TfNSHOsyFssumG5iu3ThUA==", "username"=>"geoff3kip1991", "password"=>"[FILTERED]", "commit"=>"Log In"}
  [1m[36mAdminUser Load (0.4ms)[0m  [1m[34mSELECT  `admin_users`.* FROM `admin_users` WHERE `admin_users`.`username` = 'geoff3kip1991' ORDER BY `admin_users`.`id` ASC LIMIT 1[0m
Redirected to http://localhost:3000/admin
Completed 302 Found in 106ms (ActiveRecord: 7.8ms)


Started GET "/admin" for 127.0.0.1 at 2017-06-13 12:00:35 -0400
Processing by AccessController#menu as HTML
  Rendering access/menu.html.erb within layouts/admin
  Rendered access/menu.html.erb within layouts/admin (0.8ms)
Completed 200 OK in 17ms (Views: 13.5ms | ActiveRecord: 0.0ms)


Started GET "/subjects" for 127.0.0.1 at 2017-06-13 12:00:38 -0400
Processing by SubjectsController#index as HTML
***Testing the logger.***
  Rendering subjects/index.html.erb within layouts/admin
  [1m[36mSubject Load (6.4ms)[0m  [1m[34mSELECT `subjects`.* FROM `subjects` ORDER BY position ASC[0m
  [1m[35m (22.4ms)[0m  [1m[34mSELECT COUNT(*) FROM `pages` WHERE `pages`.`subject_id` = 9[0m
  [1m[35m (0.3ms)[0m  [1m[34mSELECT COUNT(*) FROM `pages` WHERE `pages`.`subject_id` = 1[0m
  [1m[35m (0.3ms)[0m  [1m[34mSELECT COUNT(*) FROM `pages` WHERE `pages`.`subject_id` = 2[0m
  [1m[35m (0.3ms)[0m  [1m[34mSELECT COUNT(*) FROM `pages` WHERE `pages`.`subject_id` = 4[0m
  [1m[35m (0.3ms)[0m  [1m[34mSELECT COUNT(*) FROM `pages` WHERE `pages`.`subject_id` = 13[0m
  [1m[35m (0.3ms)[0m  [1m[34mSELECT COUNT(*) FROM `pages` WHERE `pages`.`subject_id` = 14[0m
  Rendered subjects/index.html.erb within layouts/admin (78.4ms)
Completed 200 OK in 93ms (Views: 55.9ms | ActiveRecord: 31.9ms)


Started GET "/pages" for 127.0.0.1 at 2017-06-13 12:00:41 -0400
Processing by PagesController#index as HTML
  Rendering pages/index.html.erb within layouts/admin
  [1m[36mPage Load (0.4ms)[0m  [1m[34mSELECT `pages`.* FROM `pages` ORDER BY position ASC[0m
  [1m[35m (1.9ms)[0m  [1m[34mSELECT COUNT(*) FROM `sections` WHERE `sections`.`page_id` = 1[0m
  [1m[35m (1.0ms)[0m  [1m[34mSELECT COUNT(*) FROM `sections` WHERE `sections`.`page_id` = 2[0m
  Rendered pages/index.html.erb within layouts/admin (32.2ms)
Completed 200 OK in 47ms (Views: 40.2ms | ActiveRecord: 4.3ms)


Started GET "/sections" for 127.0.0.1 at 2017-06-13 12:00:47 -0400
Processing by SectionsController#index as HTML
  Rendering sections/index.html.erb within layouts/admin
  [1m[36mSection Load (0.3ms)[0m  [1m[34mSELECT `sections`.* FROM `sections` ORDER BY position ASC[0m
  Rendered sections/index.html.erb within layouts/admin (1.7ms)
Completed 200 OK in 14ms (Views: 11.8ms | ActiveRecord: 0.3ms)


Started GET "/sections" for 127.0.0.1 at 2017-06-13 12:00:51 -0400
Processing by SectionsController#index as HTML
  Rendering sections/index.html.erb within layouts/admin
  [1m[36mSection Load (0.3ms)[0m  [1m[34mSELECT `sections`.* FROM `sections` ORDER BY position ASC[0m
  Rendered sections/index.html.erb within layouts/admin (1.7ms)
Completed 200 OK in 12ms (Views: 9.3ms | ActiveRecord: 0.3ms)


Started GET "/subjects" for 127.0.0.1 at 2017-06-13 12:00:54 -0400
Processing by SubjectsController#index as HTML
***Testing the logger.***
  Rendering subjects/index.html.erb within layouts/admin
  [1m[36mSubject Load (0.3ms)[0m  [1m[34mSELECT `subjects`.* FROM `subjects` ORDER BY position ASC[0m
  [1m[35m (0.4ms)[0m  [1m[34mSELECT COUNT(*) FROM `pages` WHERE `pages`.`subject_id` = 9[0m
  [1m[35m (0.4ms)[0m  [1m[34mSELECT COUNT(*) FROM `pages` WHERE `pages`.`subject_id` = 1[0m
  [1m[35m (0.5ms)[0m  [1m[34mSELECT COUNT(*) FROM `pages` WHERE `pages`.`subject_id` = 2[0m
  [1m[35m (0.4ms)[0m  [1m[34mSELECT COUNT(*) FROM `pages` WHERE `pages`.`subject_id` = 4[0m
  [1m[35m (0.3ms)[0m  [1m[34mSELECT COUNT(*) FROM `pages` WHERE `pages`.`subject_id` = 13[0m
  [1m[35m (0.4ms)[0m  [1m[34mSELECT COUNT(*) FROM `pages` WHERE `pages`.`subject_id` = 14[0m
  Rendered subjects/index.html.erb within layouts/admin (17.6ms)
Completed 200 OK in 27ms (Views: 22.4ms | ActiveRecord: 2.8ms)


Started GET "/access/logout" for 127.0.0.1 at 2017-06-13 12:00:59 -0400
Processing by AccessController#logout as HTML
Redirected to http://localhost:3000/access/login
Completed 302 Found in 1ms (ActiveRecord: 0.0ms)


Started GET "/access/login" for 127.0.0.1 at 2017-06-13 12:00:59 -0400
Processing by AccessController#login as HTML
  Rendering access/login.html.erb within layouts/admin
  Rendered access/login.html.erb within layouts/admin (1.6ms)
Completed 200 OK in 14ms (Views: 12.1ms | ActiveRecord: 0.0ms)


Started GET "/subjects" for 127.0.0.1 at 2017-06-13 12:01:06 -0400
Processing by SubjectsController#index as HTML
Redirected to http://localhost:3000/access/login
Filter chain halted as :confirm_logged_in rendered or redirected
Completed 302 Found in 1ms (ActiveRecord: 0.0ms)


Started GET "/access/login" for 127.0.0.1 at 2017-06-13 12:01:06 -0400
Processing by AccessController#login as HTML
  Rendering access/login.html.erb within layouts/admin
  Rendered access/login.html.erb within layouts/admin (1.0ms)
Completed 200 OK in 51ms (Views: 48.7ms | ActiveRecord: 0.0ms)


